<?xml version="1.0" encoding="UTF-8"?>
<testng-results skipped="0" failed="0" total="1" passed="1">
  <reporter-output>
  </reporter-output>
  <suite name="Default suite" duration-ms="59496" started-at="2017-08-22T10:24:34Z" finished-at="2017-08-22T10:25:33Z">
    <groups>
    </groups>
    <test name="Default test" duration-ms="59496" started-at="2017-08-22T10:24:34Z" finished-at="2017-08-22T10:25:33Z">
      <class name="imdb.ExecutionSuite.GetTopMovies_ExecutionSuite">
        <test-method status="PASS" signature="BeforeSuite()[pri:0, instance:imdb.ExecutionSuite.GetTopMovies_ExecutionSuite@1810399e]" name="BeforeSuite" is-config="true" duration-ms="3622" started-at="2017-08-22T15:54:30Z" finished-at="2017-08-22T15:54:34Z">
          <reporter-output>
          </reporter-output>
        </test-method> <!-- BeforeSuite -->
        <test-method status="PASS" signature="TC_GetTopMovies()[pri:0, instance:imdb.ExecutionSuite.GetTopMovies_ExecutionSuite@1810399e]" name="TC_GetTopMovies" duration-ms="59478" started-at="2017-08-22T15:54:34Z" finished-at="2017-08-22T15:55:33Z">
          <reporter-output>
          </reporter-output>
        </test-method> <!-- TC_GetTopMovies -->
      </class> <!-- imdb.ExecutionSuite.GetTopMovies_ExecutionSuite -->
    </test> <!-- Default test -->
  </suite> <!-- Default suite -->
</testng-results>
